{
  "Cucumber Features": {
    "coverage": {
      "/mnt/c/Users/Elijah Gladden/OneDrive - University of Iowa/SELT HW/projectdirectory-selt_2024_team_001/app/controllers/application_controller.rb": {
        "lines": [
          0,
          null,
          0,
          null,
          null,
          0,
          null,
          0,
          null,
          null,
          0,
          0,
          0,
          null,
          null,
          0,
          0,
          0,
          null,
          null,
          0,
          0,
          0,
          null,
          null,
          0,
          0,
          0,
          0,
          0,
          0,
          0
        ],
        "branches": {}
      },
      "/mnt/c/Users/Elijah Gladden/OneDrive - University of Iowa/SELT HW/projectdirectory-selt_2024_team_001/app/controllers/game_controller.rb": {
        "lines": [
          null,
          null,
          null,
          0,
          null,
          0
        ],
        "branches": {}
      },
      "/mnt/c/Users/Elijah Gladden/OneDrive - University of Iowa/SELT HW/projectdirectory-selt_2024_team_001/app/controllers/servers_controller.rb": {
        "lines": [
          0,
          null,
          0
        ],
        "branches": {}
      },
      "/mnt/c/Users/Elijah Gladden/OneDrive - University of Iowa/SELT HW/projectdirectory-selt_2024_team_001/app/controllers/sessions_controller.rb": {
        "lines": [
          0,
          null,
          0,
          null,
          0,
          0,
          0,
          null,
          0,
          0,
          0,
          null,
          0,
          null,
          0,
          0,
          0,
          0,
          0,
          0,
          0,
          0,
          0,
          0,
          null,
          0,
          0,
          0,
          0,
          0,
          null,
          0,
          0,
          0,
          null,
          0,
          0,
          0,
          null,
          0,
          0,
          0,
          0
        ],
        "branches": {}
      },
      "/mnt/c/Users/Elijah Gladden/OneDrive - University of Iowa/SELT HW/projectdirectory-selt_2024_team_001/app/controllers/users_controller.rb": {
        "lines": [
          0,
          null,
          0,
          0,
          null,
          0,
          0,
          0,
          null,
          0,
          0,
          0,
          0,
          0,
          0,
          0,
          0,
          0,
          0,
          0,
          null,
          0,
          null,
          0,
          null,
          0,
          null,
          0,
          null,
          0,
          0,
          0,
          0,
          0,
          0,
          0,
          0,
          0,
          null,
          0,
          0,
          0,
          0,
          0,
          0,
          null,
          0,
          null,
          null,
          0,
          0,
          0,
          null,
          0,
          0,
          0,
          null,
          0,
          0,
          0,
          0,
          0,
          0,
          0
        ],
        "branches": {}
      },
      "/mnt/c/Users/Elijah Gladden/OneDrive - University of Iowa/SELT HW/projectdirectory-selt_2024_team_001/app/controllers/videos_controller.rb": {
        "lines": [
          0,
          0,
          0,
          0,
          null,
          0,
          0,
          0,
          null,
          null,
          0,
          0,
          0,
          0
        ],
        "branches": {}
      },
      "/mnt/c/Users/Elijah Gladden/OneDrive - University of Iowa/SELT HW/projectdirectory-selt_2024_team_001/app/models/grid_tile.rb": {
        "lines": [
          0,
          null,
          0
        ],
        "branches": {}
      },
      "/mnt/c/Users/Elijah Gladden/OneDrive - University of Iowa/SELT HW/projectdirectory-selt_2024_team_001/app/models/server.rb": {
        "lines": [
          0,
          null,
          0
        ],
        "branches": {}
      },
      "/mnt/c/Users/Elijah Gladden/OneDrive - University of Iowa/SELT HW/projectdirectory-selt_2024_team_001/app/models/user.rb": {
        "lines": [
          null,
          0,
          null,
          0,
          null,
          null,
          0,
          0,
          0,
          null,
          null,
          0,
          null,
          null,
          0,
          0,
          0,
          0,
          null,
          null,
          0,
          0,
          0,
          null,
          0,
          null,
          0,
          0,
          null,
          0,
          0,
          null,
          0,
          0,
          0,
          null,
          0
        ],
        "branches": {}
      }
    },
    "timestamp": 1732910007
  },
  "RSpec": {
    "coverage": {
      "/mnt/c/Users/Elijah Gladden/OneDrive - University of Iowa/SELT HW/projectdirectory-selt_2024_team_001/app/controllers/application_controller.rb": {
        "lines": [
          0,
          null,
          0,
          null,
          null,
          0,
          null,
          0,
          null,
          null,
          0,
          0,
          0,
          null,
          null,
          0,
          0,
          0,
          null,
          null,
          0,
          0,
          0,
          null,
          null,
          0,
          0,
          0,
          0,
          0,
          0,
          0
        ],
        "branches": {}
      },
      "/mnt/c/Users/Elijah Gladden/OneDrive - University of Iowa/SELT HW/projectdirectory-selt_2024_team_001/app/controllers/game_controller.rb": {
        "lines": [
          null,
          null,
          null,
          0,
          null,
          0
        ],
        "branches": {}
      },
      "/mnt/c/Users/Elijah Gladden/OneDrive - University of Iowa/SELT HW/projectdirectory-selt_2024_team_001/app/controllers/servers_controller.rb": {
        "lines": [
          0,
          null,
          0
        ],
        "branches": {}
      },
      "/mnt/c/Users/Elijah Gladden/OneDrive - University of Iowa/SELT HW/projectdirectory-selt_2024_team_001/app/controllers/sessions_controller.rb": {
        "lines": [
          0,
          null,
          0,
          null,
          0,
          0,
          0,
          null,
          0,
          0,
          0,
          null,
          0,
          null,
          0,
          0,
          0,
          0,
          0,
          0,
          0,
          0,
          0,
          0,
          null,
          0,
          0,
          0,
          0,
          0,
          null,
          0,
          0,
          0,
          null,
          0,
          0,
          0,
          null,
          0,
          0,
          0,
          0
        ],
        "branches": {}
      },
      "/mnt/c/Users/Elijah Gladden/OneDrive - University of Iowa/SELT HW/projectdirectory-selt_2024_team_001/app/controllers/users_controller.rb": {
        "lines": [
          0,
          null,
          0,
          0,
          null,
          0,
          0,
          0,
          null,
          0,
          0,
          0,
          0,
          0,
          0,
          0,
          0,
          0,
          0,
          0,
          null,
          0,
          null,
          0,
          null,
          0,
          null,
          0,
          null,
          0,
          0,
          0,
          0,
          0,
          0,
          0,
          0,
          0,
          null,
          0,
          0,
          0,
          0,
          0,
          0,
          null,
          0,
          null,
          null,
          0,
          0,
          0,
          null,
          0,
          0,
          0,
          null,
          0,
          0,
          0,
          0,
          0,
          0,
          0
        ],
        "branches": {}
      },
      "/mnt/c/Users/Elijah Gladden/OneDrive - University of Iowa/SELT HW/projectdirectory-selt_2024_team_001/app/controllers/videos_controller.rb": {
        "lines": [
          0,
          0,
          0,
          0,
          null,
          0,
          0,
          0,
          null,
          null,
          0,
          0,
          0,
          0
        ],
        "branches": {}
      },
      "/mnt/c/Users/Elijah Gladden/OneDrive - University of Iowa/SELT HW/projectdirectory-selt_2024_team_001/app/models/grid_tile.rb": {
        "lines": [
          0,
          null,
          0
        ],
        "branches": {}
      },
      "/mnt/c/Users/Elijah Gladden/OneDrive - University of Iowa/SELT HW/projectdirectory-selt_2024_team_001/app/models/server.rb": {
        "lines": [
          0,
          null,
          0
        ],
        "branches": {}
      },
      "/mnt/c/Users/Elijah Gladden/OneDrive - University of Iowa/SELT HW/projectdirectory-selt_2024_team_001/app/models/user.rb": {
        "lines": [
          null,
          0,
          null,
          0,
          null,
          null,
          0,
          0,
          0,
          null,
          null,
          0,
          null,
          null,
          0,
          0,
          0,
          0,
          null,
          null,
          0,
          0,
          0,
          null,
          0,
          null,
          0,
          0,
          null,
          0,
          0,
          null,
          0,
          0,
          0,
          null,
          0
        ],
        "branches": {}
      }
    },
    "timestamp": 1732909986
  }
}
